Determining if the pthread_create exist failed with the following output:
Change Dir: /home/tim/Beam-Detector/build/CMakeFiles/CMakeTmp

Run Build Command:"/usr/bin/make" "cmTC_c6791/fast"
/usr/bin/make -f CMakeFiles/cmTC_c6791.dir/build.make CMakeFiles/cmTC_c6791.dir/build
make[1]: Entering directory '/home/tim/Beam-Detector/build/CMakeFiles/CMakeTmp'
Building C object CMakeFiles/cmTC_c6791.dir/CheckSymbolExists.c.o
/usr/bin/cc     -o CMakeFiles/cmTC_c6791.dir/CheckSymbolExists.c.o   -c /home/tim/Beam-Detector/build/CMakeFiles/CMakeTmp/CheckSymbolExists.c
Linking C executable cmTC_c6791
/usr/bin/cmake -E cmake_link_script CMakeFiles/cmTC_c6791.dir/link.txt --verbose=1
/usr/bin/cc       CMakeFiles/cmTC_c6791.dir/CheckSymbolExists.c.o  -o cmTC_c6791 -rdynamic 
CMakeFiles/cmTC_c6791.dir/CheckSymbolExists.c.o: In function `main':
CheckSymbolExists.c:(.text+0x16): undefined reference to `pthread_create'
collect2: error: ld returned 1 exit status
CMakeFiles/cmTC_c6791.dir/build.make:97: recipe for target 'cmTC_c6791' failed
make[1]: *** [cmTC_c6791] Error 1
make[1]: Leaving directory '/home/tim/Beam-Detector/build/CMakeFiles/CMakeTmp'
Makefile:126: recipe for target 'cmTC_c6791/fast' failed
make: *** [cmTC_c6791/fast] Error 2

File /home/tim/Beam-Detector/build/CMakeFiles/CMakeTmp/CheckSymbolExists.c:
/* */
#include <pthread.h>

int main(int argc, char** argv)
{
  (void)argv;
#ifndef pthread_create
  return ((int*)(&pthread_create))[argc];
#else
  (void)argc;
  return 0;
#endif
}

Determining if the function pthread_create exists in the pthreads failed with the following output:
Change Dir: /home/tim/Beam-Detector/build/CMakeFiles/CMakeTmp

Run Build Command:"/usr/bin/make" "cmTC_bd413/fast"
/usr/bin/make -f CMakeFiles/cmTC_bd413.dir/build.make CMakeFiles/cmTC_bd413.dir/build
make[1]: Entering directory '/home/tim/Beam-Detector/build/CMakeFiles/CMakeTmp'
Building C object CMakeFiles/cmTC_bd413.dir/CheckFunctionExists.c.o
/usr/bin/cc    -DCHECK_FUNCTION_EXISTS=pthread_create   -o CMakeFiles/cmTC_bd413.dir/CheckFunctionExists.c.o   -c /usr/share/cmake-3.5/Modules/CheckFunctionExists.c
Linking C executable cmTC_bd413
/usr/bin/cmake -E cmake_link_script CMakeFiles/cmTC_bd413.dir/link.txt --verbose=1
/usr/bin/cc   -DCHECK_FUNCTION_EXISTS=pthread_create    CMakeFiles/cmTC_bd413.dir/CheckFunctionExists.c.o  -o cmTC_bd413 -rdynamic -lpthreads 
/usr/bin/ld: cannot find -lpthreads
collect2: error: ld returned 1 exit status
CMakeFiles/cmTC_bd413.dir/build.make:97: recipe for target 'cmTC_bd413' failed
make[1]: *** [cmTC_bd413] Error 1
make[1]: Leaving directory '/home/tim/Beam-Detector/build/CMakeFiles/CMakeTmp'
Makefile:126: recipe for target 'cmTC_bd413/fast' failed
make: *** [cmTC_bd413/fast] Error 2


